<?xml version="1.0" encoding="UTF-8"?>
<testsuite xmlns:xsi="http://www.w3.org/2001/XMLSchema-instance" xsi:schemaLocation="https://maven.apache.org/surefire/maven-surefire-plugin/xsd/surefire-test-report.xsd" name="nl.tudelft.jpacman.level.LevelTest" time="0.167" tests="8" errors="0" skipped="0" failures="0">
  <properties>
[...]
</properties>
  <testcase name="startStop" classname="nl.tudelft.jpacman.level.LevelTest" time="0.015"/>
  <testcase name="registerSecondPlayer" classname="nl.tudelft.jpacman.level.LevelTest" time="0.057"/>
  <testcase name="registerThirdPlayer" classname="nl.tudelft.jpacman.level.LevelTest" time="0"/>
  <testcase name="registerPlayerTwice" classname="nl.tudelft.jpacman.level.LevelTest" time="0"/>
  <testcase name="registerPlayer" classname="nl.tudelft.jpacman.level.LevelTest" time="0"/>
  <testcase name="stop" classname="nl.tudelft.jpacman.level.LevelTest" time="0"/>
  <testcase name="start" classname="nl.tudelft.jpacman.level.LevelTest" time="0"/>
  <testcase name="noStart" classname="nl.tudelft.jpacman.level.LevelTest" time="0"/>
</testsuite>